<?xml version="1.0" encoding="UTF-8"?>
<!-- Generated by org.testng.reporters.JUnitXMLReporter -->
<testsuite ignored="0" hostname="LAPTOP-M7GK49HD" failures="0" tests="12" name="Default test" time="39.126" errors="0" timestamp="2024-06-09T05:42:41 IST">
  <testcase classname="api.test.DataDrivenTest" name="testCreateUser" time="7.674"/>
  <testcase classname="api.test.DataDrivenTest" name="testCreateUser" time="1.941"/>
  <testcase classname="api.test.DataDrivenTest" name="testCreateUser" time="1.808"/>
  <testcase classname="api.test.DataDrivenTest" name="testCreateUser" time="1.618"/>
  <testcase classname="api.test.DataDrivenTest" name="testReadUserByName" time="1.337"/>
  <testcase classname="api.test.DataDrivenTest" name="testReadUserByName" time="1.341"/>
  <testcase classname="api.test.DataDrivenTest" name="testReadUserByName" time="1.908"/>
  <testcase classname="api.test.DataDrivenTest" name="testReadUserByName" time="6.323"/>
  <testcase classname="api.test.DataDrivenTest" name="testDeleteUserByName" time="1.897"/>
  <testcase classname="api.test.DataDrivenTest" name="testDeleteUserByName" time="5.614"/>
  <testcase classname="api.test.DataDrivenTest" name="testDeleteUserByName" time="2.197"/>
  <testcase classname="api.test.DataDrivenTest" name="testDeleteUserByName" time="2.118"/>
</testsuite> <!-- Default test -->
