<?xml version="1.0" encoding="UTF-8"?>
<testsuite xmlns:xsi="http://www.w3.org/2001/XMLSchema-instance" xsi:noNamespaceSchemaLocation="https://maven.apache.org/surefire/maven-surefire-plugin/xsd/surefire-test-report-3.0.xsd" version="3.0" name="TestSuite" time="16.579" tests="4" errors="0" skipped="0" failures="0">
  <properties>
[...]
</properties>
  <testcase name="testPostUser" classname="api.test.UserTests" time="4.644">
    <system-out><![CDATA[05:25:25.980 [main] INFO  api.test.UserTests -  ******************* Set Up the Data ******************* 
05:25:26.010 [main] INFO  api.test.UserTests -  ******************* Creating User ******************* 
HTTP/1.1 200 OK
Date: Sat, 08 Jun 2024 23:55:30 GMT
Content-Type: application/json
Transfer-Encoding: chunked
Connection: keep-alive
Access-Control-Allow-Origin: *
Access-Control-Allow-Methods: GET, POST, DELETE, PUT
Access-Control-Allow-Headers: Content-Type, api_key, Authorization
Server: Jetty(9.2.9.v20150224)

{
    "code": 200,
    "type": "unknown",
    "message": "1446001495"
}
05:25:30.626 [main] INFO  api.test.UserTests -  ******************* User Created Successfully..!! ******************* 
]]></system-out>
    <system-err><![CDATA[SLF4J: Failed to load class "org.slf4j.impl.StaticLoggerBinder".
SLF4J: Defaulting to no-operation (NOP) logger implementation
SLF4J: See http://www.slf4j.org/codes.html#StaticLoggerBinder for further details.
]]></system-err>
  </testcase>
  <testcase name="tesGetUserByName" classname="api.test.UserTests" time="1.408">
    <system-out><![CDATA[05:25:30.641 [main] INFO  api.test.UserTests -  ******************* Reading User ******************* 
HTTP/1.1 200 OK
Date: Sat, 08 Jun 2024 23:55:31 GMT
Content-Type: application/json
Transfer-Encoding: chunked
Connection: keep-alive
Access-Control-Allow-Origin: *
Access-Control-Allow-Methods: GET, POST, DELETE, PUT
Access-Control-Allow-Headers: Content-Type, api_key, Authorization
Server: Jetty(9.2.9.v20150224)

{
    "id": 1446001495,
    "username": "sandy.anderson",
    "firstName": "Melody",
    "lastName": "Boyer",
    "email": "lucien.mcdermott@yahoo.com",
    "password": "4i7sb2jmbwt",
    "phone": "622-380-5159",
    "userStatus": 0
}
05:25:32.050 [main] INFO  api.test.UserTests -  ******************* User Read Successfully..!! ******************* 
]]></system-out>
  </testcase>
  <testcase name="testUpdateUserByName" classname="api.test.UserTests" time="4.392">
    <system-out><![CDATA[05:25:32.054 [main] INFO  api.test.UserTests -  ******************* Updating User ******************* 
HTTP/1.1 200 OK
Date: Sat, 08 Jun 2024 23:55:35 GMT
Content-Type: application/json
Transfer-Encoding: chunked
Connection: keep-alive
Access-Control-Allow-Origin: *
Access-Control-Allow-Methods: GET, POST, DELETE, PUT
Access-Control-Allow-Headers: Content-Type, api_key, Authorization
Server: Jetty(9.2.9.v20150224)

{
    "code": 200,
    "type": "unknown",
    "message": "1446001495"
}
05:25:35.144 [main] INFO  api.test.UserTests -  ******************* User Updated Successfully..!! ******************* 
05:25:35.144 [main] INFO  api.test.UserTests -  ******************* Reading Updating User ******************* 
HTTP/1.1 200 OK
Date: Sat, 08 Jun 2024 23:55:36 GMT
Content-Type: application/json
Transfer-Encoding: chunked
Connection: keep-alive
Access-Control-Allow-Origin: *
Access-Control-Allow-Methods: GET, POST, DELETE, PUT
Access-Control-Allow-Headers: Content-Type, api_key, Authorization
Server: Jetty(9.2.9.v20150224)

{
    "id": 1446001495,
    "username": "sandy.anderson",
    "firstName": "Ardath",
    "lastName": "Emmerich",
    "email": "jann.wunsch@hotmail.com",
    "password": "4i7sb2jmbwt",
    "phone": "622-380-5159",
    "userStatus": 0
}
05:25:36.444 [main] INFO  api.test.UserTests -  ******************* Updated User Read Successfully..!! ******************* 
]]></system-out>
  </testcase>
  <testcase name="testDeleteUserByName" classname="api.test.UserTests" time="1.317">
    <system-out><![CDATA[05:25:36.448 [main] INFO  api.test.UserTests -  ******************* Deleting User ******************* 
HTTP/1.1 200 OK
Date: Sat, 08 Jun 2024 23:55:37 GMT
Content-Type: application/json
Transfer-Encoding: chunked
Connection: keep-alive
Access-Control-Allow-Origin: *
Access-Control-Allow-Methods: GET, POST, DELETE, PUT
Access-Control-Allow-Headers: Content-Type, api_key, Authorization
Server: Jetty(9.2.9.v20150224)

{
    "code": 200,
    "type": "unknown",
    "message": "sandy.anderson"
}
05:25:37.763 [main] INFO  api.test.UserTests -  ******************* User Deleted Successfully..!! ******************* 
]]></system-out>
  </testcase>
</testsuite>