<?xml version="1.0" encoding="UTF-8"?>
<testng-results ignored="0" total="4" passed="4" failed="0" skipped="0">
  <reporter-output>
  </reporter-output>
  <suite started-at="2024-06-09T05:25:24 IST" name="PetSuite" finished-at="2024-06-09T05:25:37 IST" duration-ms="13563">
    <groups>
    </groups>
    <test started-at="2024-06-09T05:25:24 IST" name="PetTest" finished-at="2024-06-09T05:25:37 IST" duration-ms="13563">
      <class name="api.test.UserTests">
        <test-method is-config="true" signature="setUpData()[pri:0, instance:api.test.UserTests@6892b3b6]" started-at="2024-06-09T05:25:24 IST" name="setUpData" finished-at="2024-06-09T05:25:25 IST" duration-ms="1350" status="PASS">
          <reporter-output>
          </reporter-output>
        </test-method> <!-- setUpData -->
        <test-method signature="testPostUser()[pri:1, instance:api.test.UserTests@6892b3b6]" started-at="2024-06-09T05:25:25 IST" name="testPostUser" finished-at="2024-06-09T05:25:30 IST" duration-ms="4629" status="PASS">
          <reporter-output>
          </reporter-output>
        </test-method> <!-- testPostUser -->
        <test-method signature="tesGetUserByName()[pri:2, instance:api.test.UserTests@6892b3b6]" started-at="2024-06-09T05:25:30 IST" name="tesGetUserByName" finished-at="2024-06-09T05:25:32 IST" duration-ms="1410" status="PASS">
          <reporter-output>
          </reporter-output>
        </test-method> <!-- tesGetUserByName -->
        <test-method signature="testUpdateUserByName()[pri:3, instance:api.test.UserTests@6892b3b6]" started-at="2024-06-09T05:25:32 IST" name="testUpdateUserByName" finished-at="2024-06-09T05:25:36 IST" duration-ms="4391" status="PASS">
          <reporter-output>
          </reporter-output>
        </test-method> <!-- testUpdateUserByName -->
        <test-method signature="testDeleteUserByName()[pri:4, instance:api.test.UserTests@6892b3b6]" started-at="2024-06-09T05:25:36 IST" name="testDeleteUserByName" finished-at="2024-06-09T05:25:37 IST" duration-ms="1317" status="PASS">
          <reporter-output>
          </reporter-output>
        </test-method> <!-- testDeleteUserByName -->
      </class> <!-- api.test.UserTests -->
    </test> <!-- PetTest -->
  </suite> <!-- PetSuite -->
</testng-results>
