<?xml version="1.0" encoding="UTF-8"?>
<testng-results ignored="0" total="12" passed="12" failed="0" skipped="0">
  <reporter-output>
  </reporter-output>
  <suite started-at="2024-06-09T05:42:02 IST" name="Default suite" finished-at="2024-06-09T05:42:41 IST" duration-ms="39126">
    <groups>
    </groups>
    <test started-at="2024-06-09T05:42:02 IST" name="Default test" finished-at="2024-06-09T05:42:41 IST" duration-ms="39126">
      <class name="api.test.DataDrivenTest">
        <test-method signature="testCreateUser(java.lang.String,java.lang.String,java.lang.String,java.lang.String,java.lang.String,java.lang.String,java.lang.String)[pri:1, instance:api.test.DataDrivenTest@4b013c76]" started-at="2024-06-09T05:42:05 IST" name="testCreateUser" data-provider="Data" finished-at="2024-06-09T05:42:13 IST" duration-ms="7674" status="PASS">
          <params>
            <param index="0">
              <value>
                <![CDATA[9011]]>
              </value>
            </param>
            <param index="1">
              <value>
                <![CDATA[louis.rosenbaum]]>
              </value>
            </param>
            <param index="2">
              <value>
                <![CDATA[Stanford]]>
              </value>
            </param>
            <param index="3">
              <value>
                <![CDATA[Ziemann]]>
              </value>
            </param>
            <param index="4">
              <value>
                <![CDATA[hassan.ankunding@yahoo.com]]>
              </value>
            </param>
            <param index="5">
              <value>
                <![CDATA[3jnt0qvfl2]]>
              </value>
            </param>
            <param index="6">
              <value>
                <![CDATA[308.591.5999]]>
              </value>
            </param>
          </params>
          <reporter-output>
          </reporter-output>
        </test-method> <!-- testCreateUser -->
        <test-method signature="testCreateUser(java.lang.String,java.lang.String,java.lang.String,java.lang.String,java.lang.String,java.lang.String,java.lang.String)[pri:1, instance:api.test.DataDrivenTest@4b013c76]" started-at="2024-06-09T05:42:13 IST" name="testCreateUser" data-provider="Data" finished-at="2024-06-09T05:42:15 IST" duration-ms="1941" status="PASS">
          <params>
            <param index="0">
              <value>
                <![CDATA[9012]]>
              </value>
            </param>
            <param index="1">
              <value>
                <![CDATA[david.walker]]>
              </value>
            </param>
            <param index="2">
              <value>
                <![CDATA[Walter]]>
              </value>
            </param>
            <param index="3">
              <value>
                <![CDATA[Adams]]>
              </value>
            </param>
            <param index="4">
              <value>
                <![CDATA[sean.conn@hotmail.com]]>
              </value>
            </param>
            <param index="5">
              <value>
                <![CDATA[w2o54jh]]>
              </value>
            </param>
            <param index="6">
              <value>
                <![CDATA[183.271.2648]]>
              </value>
            </param>
          </params>
          <reporter-output>
          </reporter-output>
        </test-method> <!-- testCreateUser -->
        <test-method signature="testCreateUser(java.lang.String,java.lang.String,java.lang.String,java.lang.String,java.lang.String,java.lang.String,java.lang.String)[pri:1, instance:api.test.DataDrivenTest@4b013c76]" started-at="2024-06-09T05:42:15 IST" name="testCreateUser" data-provider="Data" finished-at="2024-06-09T05:42:17 IST" duration-ms="1808" status="PASS">
          <params>
            <param index="0">
              <value>
                <![CDATA[9013]]>
              </value>
            </param>
            <param index="1">
              <value>
                <![CDATA[alessandra.larson]]>
              </value>
            </param>
            <param index="2">
              <value>
                <![CDATA[Marvis]]>
              </value>
            </param>
            <param index="3">
              <value>
                <![CDATA[Bartell]]>
              </value>
            </param>
            <param index="4">
              <value>
                <![CDATA[jasper.donnelly@hotmail.com]]>
              </value>
            </param>
            <param index="5">
              <value>
                <![CDATA[gc8xvy882j]]>
              </value>
            </param>
            <param index="6">
              <value>
                <![CDATA[(134) 468-1826]]>
              </value>
            </param>
          </params>
          <reporter-output>
          </reporter-output>
        </test-method> <!-- testCreateUser -->
        <test-method signature="testCreateUser(java.lang.String,java.lang.String,java.lang.String,java.lang.String,java.lang.String,java.lang.String,java.lang.String)[pri:1, instance:api.test.DataDrivenTest@4b013c76]" started-at="2024-06-09T05:42:17 IST" name="testCreateUser" data-provider="Data" finished-at="2024-06-09T05:42:18 IST" duration-ms="1618" status="PASS">
          <params>
            <param index="0">
              <value>
                <![CDATA[9014]]>
              </value>
            </param>
            <param index="1">
              <value>
                <![CDATA[jacqueline.labadie]]>
              </value>
            </param>
            <param index="2">
              <value>
                <![CDATA[Morris]]>
              </value>
            </param>
            <param index="3">
              <value>
                <![CDATA[Prosacco]]>
              </value>
            </param>
            <param index="4">
              <value>
                <![CDATA[francoise.von@gmail.com]]>
              </value>
            </param>
            <param index="5">
              <value>
                <![CDATA[tm5bl9jvk7]]>
              </value>
            </param>
            <param index="6">
              <value>
                <![CDATA[588.119.1735]]>
              </value>
            </param>
          </params>
          <reporter-output>
          </reporter-output>
        </test-method> <!-- testCreateUser -->
        <test-method signature="testReadUserByName(java.lang.String)[pri:2, instance:api.test.DataDrivenTest@4b013c76]" started-at="2024-06-09T05:42:18 IST" name="testReadUserByName" data-provider="UserNames" finished-at="2024-06-09T05:42:20 IST" duration-ms="1337" status="PASS">
          <params>
            <param index="0">
              <value>
                <![CDATA[louis.rosenbaum]]>
              </value>
            </param>
          </params>
          <reporter-output>
          </reporter-output>
        </test-method> <!-- testReadUserByName -->
        <test-method signature="testReadUserByName(java.lang.String)[pri:2, instance:api.test.DataDrivenTest@4b013c76]" started-at="2024-06-09T05:42:20 IST" name="testReadUserByName" data-provider="UserNames" finished-at="2024-06-09T05:42:21 IST" duration-ms="1341" status="PASS">
          <params>
            <param index="0">
              <value>
                <![CDATA[david.walker]]>
              </value>
            </param>
          </params>
          <reporter-output>
          </reporter-output>
        </test-method> <!-- testReadUserByName -->
        <test-method signature="testReadUserByName(java.lang.String)[pri:2, instance:api.test.DataDrivenTest@4b013c76]" started-at="2024-06-09T05:42:21 IST" name="testReadUserByName" data-provider="UserNames" finished-at="2024-06-09T05:42:23 IST" duration-ms="1908" status="PASS">
          <params>
            <param index="0">
              <value>
                <![CDATA[alessandra.larson]]>
              </value>
            </param>
          </params>
          <reporter-output>
          </reporter-output>
        </test-method> <!-- testReadUserByName -->
        <test-method signature="testReadUserByName(java.lang.String)[pri:2, instance:api.test.DataDrivenTest@4b013c76]" started-at="2024-06-09T05:42:23 IST" name="testReadUserByName" data-provider="UserNames" finished-at="2024-06-09T05:42:29 IST" duration-ms="6323" status="PASS">
          <params>
            <param index="0">
              <value>
                <![CDATA[jacqueline.labadie]]>
              </value>
            </param>
          </params>
          <reporter-output>
          </reporter-output>
        </test-method> <!-- testReadUserByName -->
        <test-method signature="testDeleteUserByName(java.lang.String)[pri:3, instance:api.test.DataDrivenTest@4b013c76]" started-at="2024-06-09T05:42:29 IST" name="testDeleteUserByName" data-provider="UserNames" finished-at="2024-06-09T05:42:31 IST" duration-ms="1897" status="PASS">
          <params>
            <param index="0">
              <value>
                <![CDATA[louis.rosenbaum]]>
              </value>
            </param>
          </params>
          <reporter-output>
          </reporter-output>
        </test-method> <!-- testDeleteUserByName -->
        <test-method signature="testDeleteUserByName(java.lang.String)[pri:3, instance:api.test.DataDrivenTest@4b013c76]" started-at="2024-06-09T05:42:31 IST" name="testDeleteUserByName" data-provider="UserNames" finished-at="2024-06-09T05:42:37 IST" duration-ms="5614" status="PASS">
          <params>
            <param index="0">
              <value>
                <![CDATA[david.walker]]>
              </value>
            </param>
          </params>
          <reporter-output>
          </reporter-output>
        </test-method> <!-- testDeleteUserByName -->
        <test-method signature="testDeleteUserByName(java.lang.String)[pri:3, instance:api.test.DataDrivenTest@4b013c76]" started-at="2024-06-09T05:42:37 IST" name="testDeleteUserByName" data-provider="UserNames" finished-at="2024-06-09T05:42:39 IST" duration-ms="2197" status="PASS">
          <params>
            <param index="0">
              <value>
                <![CDATA[alessandra.larson]]>
              </value>
            </param>
          </params>
          <reporter-output>
          </reporter-output>
        </test-method> <!-- testDeleteUserByName -->
        <test-method signature="testDeleteUserByName(java.lang.String)[pri:3, instance:api.test.DataDrivenTest@4b013c76]" started-at="2024-06-09T05:42:39 IST" name="testDeleteUserByName" data-provider="UserNames" finished-at="2024-06-09T05:42:41 IST" duration-ms="2118" status="PASS">
          <params>
            <param index="0">
              <value>
                <![CDATA[jacqueline.labadie]]>
              </value>
            </param>
          </params>
          <reporter-output>
          </reporter-output>
        </test-method> <!-- testDeleteUserByName -->
      </class> <!-- api.test.DataDrivenTest -->
    </test> <!-- Default test -->
  </suite> <!-- Default suite -->
</testng-results>
