<?xml version="1.0" encoding="UTF-8"?>
<!-- Generated by org.testng.reporters.JUnitXMLReporter -->
<testsuite ignored="0" hostname="LAPTOP-M7GK49HD" failures="0" tests="4" name="PetTest" time="13.563" errors="0" timestamp="2024-06-09T05:25:39 IST">
  <testcase classname="api.test.UserTests" name="testPostUser" time="4.629"/>
  <testcase classname="api.test.UserTests" name="tesGetUserByName" time="1.41"/>
  <testcase classname="api.test.UserTests" name="testUpdateUserByName" time="4.391"/>
  <testcase classname="api.test.UserTests" name="testDeleteUserByName" time="1.317"/>
</testsuite> <!-- PetTest -->
