<?xml version="1.0" encoding="UTF-8"?>
<!-- Generated by org.testng.reporters.JUnitXMLReporter -->
<testsuite ignored="0" hostname="LAPTOP-M7GK49HD" failures="0" tests="4" name="PetTest" time="12.376" errors="0" timestamp="2024-05-28T00:54:49 IST">
  <testcase classname="api.test.UserTests" name="testPostUser" time="4.161"/>
  <testcase classname="api.test.UserTests" name="tesGetUserByName" time="1.836"/>
  <testcase classname="api.test.UserTests" name="testUpdateUserByName" time="3.2"/>
  <testcase classname="api.test.UserTests" name="testDeleteUserByName" time="1.598"/>
</testsuite> <!-- PetTest -->
